<?xml version="1.0" encoding="UTF-8"?>
<testng-results ignored="0" total="1" passed="1" failed="0" skipped="0">
  <reporter-output>
  </reporter-output>
  <suite started-at="2022-02-01T15:17:29 MSK" name="All Test Suite" finished-at="2022-02-01T15:17:32 MSK" duration-ms="2927">
    <groups>
    </groups>
    <test started-at="2022-02-01T15:17:29 MSK" name="D:/FirstTest" finished-at="2022-02-01T15:17:32 MSK" duration-ms="2927">
      <class name="md.foodhouse.SecondClass">
        <test-method is-config="true" signature="setUp()[pri:0, instance:md.foodhouse.SecondClass@5be6e01c]" started-at="2022-02-01T15:17:29 MSK" name="setUp" finished-at="2022-02-01T15:17:30 MSK" duration-ms="1127" status="PASS">
          <reporter-output>
          </reporter-output>
        </test-method> <!-- setUp -->
        <test-method signature="SecondTest()[pri:0, instance:md.foodhouse.SecondClass@5be6e01c]" started-at="2022-02-01T15:17:30 MSK" name="SecondTest" finished-at="2022-02-01T15:17:31 MSK" duration-ms="1646" status="PASS">
          <reporter-output>
          </reporter-output>
        </test-method> <!-- SecondTest -->
        <test-method is-config="true" signature="close()[pri:0, instance:md.foodhouse.SecondClass@5be6e01c]" started-at="2022-02-01T15:17:31 MSK" name="close" finished-at="2022-02-01T15:17:32 MSK" duration-ms="132" status="PASS">
          <reporter-output>
          </reporter-output>
        </test-method> <!-- close -->
      </class> <!-- md.foodhouse.SecondClass -->
    </test> <!-- D:/FirstTest -->
  </suite> <!-- All Test Suite -->
</testng-results>
